<?xml version="1.0" encoding="UTF-8"?>
<!-- Generated by org.testng.reporters.JUnitReportReporter -->
<testsuite hostname="Dipeshs-MacBook-Air.local" failures="0" tests="1" name="spotify.oauth2.PlayListTest" time="2.993" errors="0" timestamp="2023-01-11T18:50:42 IST" skipped="0">
  <testcase classname="spotify.oauth2.PlayListTest" name="get_a_playlist" time="2.993"/>
  <system-out/>
</testsuite> <!-- spotify.oauth2.PlayListTest -->
