<?xml version="1.0" encoding="UTF-8"?>
<!-- Generated by org.testng.reporters.JUnitReportReporter -->
<testsuite hostname="Dipeshs-MacBook-Air.local" failures="0" tests="3" name="com.spotify.oauth2.tests.PlayListTest" time="10.236" errors="0" timestamp="2023-03-04T18:34:27 IST" skipped="0">
  <testcase classname="com.spotify.oauth2.tests.PlayListTest" name="create_a_playlist" time="9.280"/>
  <system-out/>
  <testcase classname="com.spotify.oauth2.tests.PlayListTest" name="get_a_playlist" time="0.458"/>
  <system-out/>
  <testcase classname="com.spotify.oauth2.tests.PlayListTest" name="update_a_playlist" time="0.498"/>
  <system-out/>
</testsuite> <!-- com.spotify.oauth2.tests.PlayListTest -->
